<?xml version="1.0" encoding="UTF-8"?>
<!-- Generated by org.testng.reporters.JUnitReportReporter -->
<testsuite hostname="DESKTOP-2EA6IRU" failures="0" tests="1" name="taskList.LandingPg_logo_test" time="6.489" errors="0" timestamp="03 Jul 2021 04:30:46 GMT" skipped="0">
  <testcase classname="taskList.LandingPg_logo_test" name="testLogo" time="6.489"/>
</testsuite> <!-- taskList.LandingPg_logo_test -->
